

HI-TECH Software PIC LITE Macro Assembler V9.83 build 10920 
                                                                                               Wed Oct 24 10:20:55 2018

HI-TECH Software Omniscient Code Generator (Lite mode) build 10920
     1  0000                     opt subtitle "HI-TECH Software Omniscient Code Generator (Lite mode) build 10920"
     2                           
     3                           opt pagewidth 120
     4                           
     5                           	opt lm
     6                           
     7                           	processor	16F877A
     8                           clrc	macro
     9                           	bcf	3,0
    10  0000                     	endm
    11                           clrz	macro
    12                           	bcf	3,2
    13  0000                     	endm
    14                           setc	macro
    15                           	bsf	3,0
    16  0000                     	endm
    17                           setz	macro
    18                           	bsf	3,2
    19  0000                     	endm
    20                           skipc	macro
    21                           	btfss	3,0
    22  0000                     	endm
    23                           skipz	macro
    24                           	btfss	3,2
    25  0000                     	endm
    26                           skipnc	macro
    27                           	btfsc	3,0
    28  0000                     	endm
    29                           skipnz	macro
    30                           	btfsc	3,2
    31  0000                     	endm
    32  0000                     indf	equ	0
    33  0000                     indf0	equ	0
    34  0002                     pc	equ	2
    35  0002                     pcl	equ	2
    36  0003                     status	equ	3
    37  0004                     fsr	equ	4
    38  0004                     fsr0	equ	4
    39  0001                     c	equ	1
    40  0000                     z	equ	0
    41  000A                     pclath	equ	10
    42                           # 4 "E:\02-CODING\05-LYCASOFT CODING\02-CODING\18-TIMER 1\CODE\TIMER 1.c"
    43                           	psect config,class=CONFIG,delta=2 ;#
    44                           # 4 "E:\02-CODING\05-LYCASOFT CODING\02-CODING\18-TIMER 1\CODE\TIMER 1.c"
    45  2007  3F3A               	dw 0X3F3A ;#
    46                           	FNROOT	_main
    47                           	global	_count
    48                           	global	_PORTB
    49                           psect	maintext,global,class=CODE,delta=2
    50                           global __pmaintext
    51  07D7                     __pmaintext:
    52  0006                     _PORTB	set	6
    53                           	global	_T1CON
    54  0010                     _T1CON	set	16
    55                           	global	_TMR1H
    56  000F                     _TMR1H	set	15
    57                           	global	_TMR1L
    58  000E                     _TMR1L	set	14
    59                           	global	_CARRY
    60  0018                     _CARRY	set	24
    61                           	global	_GIE
    62  005F                     _GIE	set	95
    63                           	global	_RB0
    64  0030                     _RB0	set	48
    65                           	global	_TMR1IF
    66  0060                     _TMR1IF	set	96
    67                           	global	_TRISB
    68  0086                     _TRISB	set	134
    69                           	global	_EEADR
    70  010D                     _EEADR	set	269
    71                           	global	_EEDATA
    72  010C                     _EEDATA	set	268
    73                           	global	_EECON1
    74  018C                     _EECON1	set	396
    75                           	global	_EECON2
    76  018D                     _EECON2	set	397
    77                           	global	_RD
    78  0C60                     _RD	set	3168
    79                           	global	_WR
    80  0C61                     _WR	set	3169
    81                           	global	_WREN
    82  0C62                     _WREN	set	3170
    83                           	file	"TIMER 1.as"
    84                           	line	#
    85                           psect cinit,class=CODE,delta=2
    86                           global start_initialization
    87  07D1                     start_initialization:
    88                           
    89                           psect	bssCOMMON,class=COMMON,space=1
    90                           global __pbssCOMMON
    91  0070                     __pbssCOMMON:
    92  0070                     _count:
    93  0070                            ds      2
    94                           
    95                           ; Clear objects allocated to COMMON
    96                           psect cinit,class=CODE,delta=2
    97  07D1  01F0               	clrf	((__pbssCOMMON)+0)&07Fh
    98  07D2  01F1               	clrf	((__pbssCOMMON)+1)&07Fh
    99                           psect cinit,class=CODE,delta=2
   100                           global end_of_initialization
   101                           
   102                           ;End of C runtime variable initialization code
   103                           
   104  07D3                     end_of_initialization:
   105  07D3  0183               clrf status
   106  07D4  120A  118A  2FD7   ljmp _main	;jump to C main() function
   107                           psect	cstackCOMMON,class=COMMON,space=1
   108                           global __pcstackCOMMON
   109  0000                     __pcstackCOMMON:
   110                           	global	?_main
   111  0000                     ?_main:	; 0 bytes @ 0x0
   112                           	global	??_main
   113  0000                     ??_main:	; 0 bytes @ 0x0
   114 ;;Data sizes: Strings 0, constant 0, data 0, bss 2, persistent 0 stack 0
   115 ;;Auto spaces:   Size  Autos    Used
   116 ;; COMMON          14      0       2
   117 ;; BANK0           80      0       0
   118 ;; BANK1           80      0       0
   119 ;; BANK3           96      0       0
   120 ;; BANK2           96      0       0
   121                           
   122 ;;
   123 ;; Pointer list with targets:
   124                           
   125                           
   126                           
   127 ;;
   128 ;; Critical Paths under _main in COMMON
   129 ;;
   130 ;;   None.
   131 ;;
   132 ;; Critical Paths under _main in BANK0
   133 ;;
   134 ;;   None.
   135 ;;
   136 ;; Critical Paths under _main in BANK1
   137 ;;
   138 ;;   None.
   139 ;;
   140 ;; Critical Paths under _main in BANK3
   141 ;;
   142 ;;   None.
   143 ;;
   144 ;; Critical Paths under _main in BANK2
   145 ;;
   146 ;;   None.
   147                           
   148 ;;
   149 ;;Main: autosize = 0, tempsize = 0, incstack = 0, save=0
   150 ;;
   151                           
   152 ;;
   153 ;;Call Graph Tables:
   154 ;;
   155 ;; ---------------------------------------------------------------------------------
   156 ;; (Depth) Function   	        Calls       Base Space   Used Autos Params    Refs
   157 ;; ---------------------------------------------------------------------------------
   158 ;; (0) _main                                                 0     0      0       0
   159 ;; ---------------------------------------------------------------------------------
   160 ;; Estimated maximum stack depth 0
   161 ;; ---------------------------------------------------------------------------------
   162                           
   163 ;; Call Graph Graphs:
   164                           
   165 ;; _main (ROOT)
   166 ;;
   167                           
   168 ;; Address spaces:
   169                           
   170 ;;Name               Size   Autos  Total    Cost      Usage
   171 ;;BITCOMMON            E      0       0       0        0.0%
   172 ;;EEDATA             100      0       0       0        0.0%
   173 ;;NULL                 0      0       0       0        0.0%
   174 ;;CODE                 0      0       0       0        0.0%
   175 ;;COMMON               E      0       2       1       14.3%
   176 ;;BITSFR0              0      0       0       1        0.0%
   177 ;;SFR0                 0      0       0       1        0.0%
   178 ;;BITSFR1              0      0       0       2        0.0%
   179 ;;SFR1                 0      0       0       2        0.0%
   180 ;;STACK                0      0       0       2        0.0%
   181 ;;ABS                  0      0       2       3        0.0%
   182 ;;BITBANK0            50      0       0       4        0.0%
   183 ;;BITSFR3              0      0       0       4        0.0%
   184 ;;SFR3                 0      0       0       4        0.0%
   185 ;;BANK0               50      0       0       5        0.0%
   186 ;;BITSFR2              0      0       0       5        0.0%
   187 ;;SFR2                 0      0       0       5        0.0%
   188 ;;BITBANK1            50      0       0       6        0.0%
   189 ;;BANK1               50      0       0       7        0.0%
   190 ;;BITBANK3            60      0       0       8        0.0%
   191 ;;BANK3               60      0       0       9        0.0%
   192 ;;BITBANK2            60      0       0      10        0.0%
   193 ;;BANK2               60      0       0      11        0.0%
   194 ;;DATA                 0      0       2      12        0.0%
   195                           
   196                           	global	_main
   197                           psect	maintext
   198                           
   199 ;; *************** function _main *****************
   200 ;; Defined at:
   201 ;;		line 9 in file "E:\02-CODING\05-LYCASOFT CODING\02-CODING\18-TIMER 1\CODE\TIMER 1.c"
   202 ;; Parameters:    Size  Location     Type
   203 ;;		None
   204 ;; Auto vars:     Size  Location     Type
   205 ;;		None
   206 ;; Return value:  Size  Location     Type
   207 ;;		None               void
   208 ;; Registers used:
   209 ;;		wreg, status,2
   210 ;; Tracked objects:
   211 ;;		On entry : 17F/0
   212 ;;		On exit  : 0/0
   213 ;;		Unchanged: 0/0
   214 ;; Data sizes:     COMMON   BANK0   BANK1   BANK3   BANK2
   215 ;;      Params:         0       0       0       0       0
   216 ;;      Locals:         0       0       0       0       0
   217 ;;      Temps:          0       0       0       0       0
   218 ;;      Totals:         0       0       0       0       0
   219 ;;Total ram usage:        0 bytes
   220 ;; This function calls:
   221 ;;		Nothing
   222 ;; This function is called by:
   223 ;;		Startup code after reset
   224 ;; This function uses a non-reentrant model
   225 ;;
   226                           psect	maintext
   227                           	file	"E:\02-CODING\05-LYCASOFT CODING\02-CODING\18-TIMER 1\CODE\TIMER 1.c"
   228                           	line	9
   229                           	global	__size_of_main
   230  0029                     	__size_of_main	equ	__end_of_main-_main
   231                           	
   232  07D7                     _main:	
   233                           	opt	stack 8
   234                           ; Regs used in _main: [wreg+status,2]
   235                           	line	10
   236                           	
   237  07D7                     l1741:	
   238                           ;TIMER 1.c: 10: TRISB=0X00;
   239  07D7  1683               	bsf	status, 5	;RP0=1, select bank1
   240  07D8  1303               	bcf	status, 6	;RP1=0, select bank1
   241  07D9  0186               	clrf	(134)^080h	;volatile
   242                           	line	11
   243                           ;TIMER 1.c: 11: PORTB=0X00;
   244  07DA  1283               	bcf	status, 5	;RP0=0, select bank0
   245  07DB  1303               	bcf	status, 6	;RP1=0, select bank0
   246  07DC  0186               	clrf	(6)	;volatile
   247                           	line	12
   248                           ;TIMER 1.c: 12: TMR1H=0X00;
   249  07DD  018F               	clrf	(15)	;volatile
   250                           	line	13
   251                           ;TIMER 1.c: 13: TMR1L=0X00;
   252  07DE  018E               	clrf	(14)	;volatile
   253                           	line	14
   254                           	
   255  07DF                     l1743:	
   256                           ;TIMER 1.c: 14: T1CON=0X31;
   257  07DF  3031               	movlw	(031h)
   258  07E0  0090               	movwf	(16)	;volatile
   259                           	line	15
   260                           	
   261  07E1                     l1745:	
   262                           ;TIMER 1.c: 15: TMR1IF=0;
   263  07E1  100C               	bcf	(96/8),(96)&7
   264  07E2  2FE4               	goto	l688
   265                           	line	17
   266                           ;TIMER 1.c: 17: while(1)
   267                           	
   268  07E3                     l687:	
   269                           	line	19
   270                           ;TIMER 1.c: 18: {
   271                           ;TIMER 1.c: 19: while(TMR1IF==0);
   272  07E3  2FE4               	goto	l688
   273                           	
   274  07E4                     l689:	
   275                           	
   276  07E4                     l688:	
   277  07E4  1C0C               	btfss	(96/8),(96)&7
   278  07E5  2FE7               	goto	u11
   279  07E6  2FE8               	goto	u10
   280  07E7                     u11:
   281  07E7  2FE4               	goto	l688
   282  07E8                     u10:
   283                           	
   284  07E8                     l690:	
   285                           	line	20
   286                           ;TIMER 1.c: 20: TMR1IF=0;
   287  07E8  100C               	bcf	(96/8),(96)&7
   288                           	line	21
   289                           	
   290  07E9                     l1747:	
   291                           ;TIMER 1.c: 21: count++;
   292  07E9  3001               	movlw	low(01h)
   293  07EA  07F0               	addwf	(_count),f
   294  07EB  1803               	skipnc
   295  07EC  0AF1               	incf	(_count+1),f
   296  07ED  3000               	movlw	high(01h)
   297  07EE  07F1               	addwf	(_count+1),f
   298                           	line	22
   299                           ;TIMER 1.c: 22: if(count==5)
   300  07EF  3005               	movlw	05h
   301  07F0  0670               	xorwf	(_count),w
   302  07F1  0471               	iorwf	(_count+1),w
   303  07F2  1D03               	skipz
   304  07F3  2FF5               	goto	u21
   305  07F4  2FF6               	goto	u20
   306  07F5                     u21:
   307  07F5  2FE4               	goto	l688
   308  07F6                     u20:
   309                           	line	24
   310                           	
   311  07F6                     l1749:	
   312                           ;TIMER 1.c: 23: {
   313                           ;TIMER 1.c: 24: RB0=~RB0;
   314  07F6  3001               	movlw	1<<((48)&7)
   315  07F7  0686               	xorwf	((48)/8),f
   316                           	line	25
   317                           	
   318  07F8                     l1751:	
   319                           ;TIMER 1.c: 25: count=0;
   320  07F8  01F0               	clrf	(_count)
   321  07F9  01F1               	clrf	(_count+1)
   322  07FA  2FE4               	goto	l688
   323                           	line	26
   324                           	
   325  07FB                     l691:	
   326  07FB  2FE4               	goto	l688
   327                           	line	27
   328                           	
   329  07FC                     l692:	
   330                           	line	17
   331  07FC  2FE4               	goto	l688
   332                           	
   333  07FD                     l693:	
   334                           	line	28
   335                           	
   336  07FD                     l694:	
   337                           	global	start
   338  07FD  120A  118A  2800   	ljmp	start
   339                           	opt stack 0
   340                           GLOBAL	__end_of_main
   341  0800                     	__end_of_main:
   342 ;; =============== function _main ends ============
   343                           
   344                           	signat	_main,88
   345                           psect	maintext
   346                           	global	btemp
   347  007E                     	btemp set 07Eh
   348                           
   349                           	DABS	1,126,2	;btemp
   350                           	global	wtemp0
   351  007E                     	wtemp0 set btemp


HI-TECH Software PICC Macro Assembler V9.83 build 10920 
Symbol Table                                                                                   Wed Oct 24 10:20:55 2018

                  _RD 0C60                    u10 07E8                    u11 07E7                    u20 07F6  
                  u21 07F5                    _WR 0C61                   l690 07E8                   l691 07FB  
                 l692 07FC                   l693 07FD                   l694 07FD                   l687 07E3  
                 l688 07E4                   l689 07E4                   _GIE 005F                   _RB0 0030  
                l1741 07D7                  l1751 07F8                  l1743 07DF                  l1745 07E1  
                l1747 07E9                  l1749 07F6                  _WREN 0C62                  _main 07D7  
                btemp 007E                  start 0000                 ?_main 0000                 _EEADR 010D  
               _CARRY 0018                 _T1CON 0010                 _TMR1H 000F                 _TMR1L 000E  
               _PORTB 0006                 _TRISB 0086                 _count 0070                 status 0003  
               wtemp0 007E          __end_of_main 0800                ??_main 0000                _EEDATA 010C  
              _EECON1 018C                _EECON2 018D                _TMR1IF 0060        __pcstackCOMMON 0000  
          __pmaintext 07D7  end_of_initialization 07D3   start_initialization 07D1           __pbssCOMMON 0070  
       __size_of_main 0029  
